2025-01-02 13:09:52,951 - INFO -data_ingestion - DataIngestion Config Fetch Sucessfully..
2025-01-02 13:09:52,951 - INFO -data_ingestion - Documemnts Extract Database Sucessfully...
2025-01-02 13:09:54,645 - INFO -data_ingestion - Dataframe Create Successfully....
2025-01-02 13:11:19,536 - INFO -data_ingestion - DataIngestion Config Fetch Sucessfully..
2025-01-02 13:11:19,536 - INFO -data_ingestion - Documemnts Extract Database Sucessfully...
2025-01-02 13:11:23,954 - INFO -data_ingestion - Dataframe Create Successfully....
2025-01-02 13:12:53,422 - INFO -data_ingestion - DataIngestion Config Fetch Sucessfully..
2025-01-02 13:12:53,423 - INFO -data_ingestion - Documemnts Extract Database Sucessfully...
2025-01-02 13:13:01,907 - INFO -data_ingestion - Dataframe Create Successfully....
2025-01-02 13:14:39,600 - INFO -data_ingestion - DataIngestion Config Fetch Sucessfully..
2025-01-02 13:14:39,601 - INFO -data_ingestion - Documemnts Extract Database Sucessfully...
2025-01-02 13:14:40,913 - INFO -data_ingestion - Dataframe Create Successfully....
2025-01-02 14:12:48,676 - INFO -data_ingestion - DataIngestion Config Fetch Sucessfully..
2025-01-02 14:12:48,677 - INFO -data_ingestion - Documemnts Extract Database Sucessfully...
2025-01-02 14:12:50,004 - INFO -data_ingestion - Dataframe Create Successfully....
2025-01-02 14:15:23,399 - INFO -data_ingestion - DataIngestion Config Fetch Sucessfully..
2025-01-02 14:15:23,400 - INFO -data_ingestion - Documemnts Extract Database Sucessfully...
2025-01-02 14:15:24,651 - INFO -data_ingestion - Dataframe Create Successfully....
2025-01-02 14:16:19,437 - INFO -data_ingestion - DataIngestion Config Fetch Sucessfully..
2025-01-02 14:16:19,438 - INFO -data_ingestion - Documemnts Extract Database Sucessfully...
2025-01-02 14:16:22,963 - INFO -data_ingestion - Dataframe Create Successfully....
2025-01-02 14:18:00,725 - INFO -data_ingestion - DataIngestion Config Fetch Sucessfully..
2025-01-02 14:18:00,725 - INFO -data_ingestion - Documemnts Extract Database Sucessfully...
2025-01-02 14:18:02,252 - INFO -data_ingestion - Dataframe Create Successfully....
2025-01-02 14:22:07,765 - INFO -data_ingestion - DataIngestion Config Fetch Sucessfully..
2025-01-02 14:22:07,765 - INFO -data_ingestion - Documemnts Extract Database Sucessfully...
2025-01-02 14:22:09,164 - INFO -data_ingestion - Dataframe Create Successfully....
2025-01-02 14:23:39,560 - INFO -data_ingestion - DataIngestion Config Fetch Sucessfully..
2025-01-02 14:23:39,561 - INFO -data_ingestion - Documemnts Extract Database Sucessfully...
2025-01-02 14:23:51,860 - INFO -data_ingestion - Dataframe Create Successfully....
2025-01-02 14:24:39,126 - INFO -data_ingestion - DataIngestion Config Fetch Sucessfully..
2025-01-02 14:24:39,126 - INFO -data_ingestion - Documemnts Extract Database Sucessfully...
2025-01-02 14:24:40,424 - INFO -data_ingestion - Dataframe Create Successfully....
2025-01-02 14:24:40,468 - INFO -common - New Directory has been created on the Location artifacts/data_ingestion/feature_store.
2025-01-02 14:24:40,526 - INFO -data_ingestion - Data Export to feature Store Sucessfully..
2025-01-02 14:24:40,526 - INFO -data_ingestion - Documemnts Extract Database Sucessfully...
2025-01-02 14:26:51,837 - INFO -data_ingestion - DataIngestion Config Fetch Sucessfully..
2025-01-02 14:26:51,838 - INFO -data_ingestion - Documemnts Extract Database Sucessfully...
2025-01-02 14:26:53,333 - INFO -data_ingestion - Dataframe Create Successfully....
2025-01-02 14:26:53,337 - INFO -common - New Directory has been created on the Location artifacts/data_ingestion/feature_store.
2025-01-02 14:26:53,378 - INFO -data_ingestion - Data Export to feature Store Sucessfully..
2025-01-02 14:26:53,379 - INFO -data_ingestion - Documemnts Extract Database Sucessfully...
2025-01-02 14:26:54,019 - INFO -data_ingestion - Dataframe Create Successfully....
2025-01-02 14:26:54,025 - INFO -data_ingestion - Data has been splitted into the train and test Sucessfully..
2025-01-02 14:26:54,025 - INFO -common - New Directory has been created on the Location artifacts/data_ingestion/ingested.
2025-01-02 14:26:54,060 - INFO -data_ingestion - Trainning data has been saved Sucessfully..
2025-01-02 14:26:54,068 - INFO -data_ingestion - Test data has been Saved Sucessfully.
2025-01-03 11:05:58,839 - INFO -data_ingestion - DataIngestion Config Fetch Sucessfully..
2025-01-03 11:05:58,840 - INFO -data_ingestion - Documemnts Extract Database Sucessfully...
2025-01-03 11:06:00,310 - INFO -data_ingestion - Dataframe Create Successfully....
2025-01-03 11:06:00,313 - INFO -common - New Directory has been created on the Location artifacts/data_ingestion/feature_store.
2025-01-03 11:06:00,354 - INFO -data_ingestion - Data Export to feature Store Sucessfully..
2025-01-03 11:06:00,355 - INFO -data_ingestion - Documemnts Extract Database Sucessfully...
2025-01-03 11:06:00,957 - INFO -data_ingestion - Dataframe Create Successfully....
2025-01-03 11:06:00,966 - INFO -data_ingestion - Data has been splitted into the train and test Sucessfully..
2025-01-03 11:06:00,966 - INFO -common - New Directory has been created on the Location artifacts/data_ingestion/ingested.
2025-01-03 11:06:00,997 - INFO -data_ingestion - Trainning data has been saved Sucessfully..
2025-01-03 11:06:01,006 - INFO -data_ingestion - Test data has been Saved Sucessfully.
2025-01-03 11:06:36,755 - INFO -data_ingestion - DataIngestion Config Fetch Sucessfully..
2025-01-03 11:06:36,755 - INFO -data_ingestion - Documemnts Extract Database Sucessfully...
2025-01-03 11:06:38,025 - INFO -data_ingestion - Dataframe Create Successfully....
2025-01-03 11:06:38,028 - INFO -common - New Directory has been created on the Location artifacts/data_ingestion/feature_store.
2025-01-03 11:06:38,069 - INFO -data_ingestion - Data Export to feature Store Sucessfully..
2025-01-03 11:06:38,069 - INFO -data_ingestion - Documemnts Extract Database Sucessfully...
2025-01-03 11:06:38,826 - INFO -data_ingestion - Dataframe Create Successfully....
2025-01-03 11:06:38,831 - INFO -data_ingestion - Data has been splitted into the train and test Sucessfully..
2025-01-03 11:06:38,831 - INFO -common - New Directory has been created on the Location artifacts/data_ingestion/ingested.
2025-01-03 11:06:38,863 - INFO -data_ingestion - Trainning data has been saved Sucessfully..
2025-01-03 11:06:38,871 - INFO -data_ingestion - Test data has been Saved Sucessfully.
2025-01-03 11:07:05,980 - INFO -data_ingestion - DataIngestion Config Fetch Sucessfully..
2025-01-03 11:07:05,980 - INFO -data_ingestion - Documemnts Extract Database Sucessfully...
2025-01-03 11:07:07,474 - INFO -data_ingestion - Dataframe Create Successfully....
2025-01-03 11:07:07,478 - INFO -common - New Directory has been created on the Location artifacts/data_ingestion/feature_store.
2025-01-03 11:07:07,519 - INFO -data_ingestion - Data Export to feature Store Sucessfully..
2025-01-03 11:07:07,520 - INFO -data_ingestion - Documemnts Extract Database Sucessfully...
2025-01-03 11:07:08,254 - INFO -data_ingestion - Dataframe Create Successfully....
2025-01-03 11:07:08,259 - INFO -data_ingestion - Data has been splitted into the train and test Sucessfully..
2025-01-03 11:07:08,259 - INFO -common - New Directory has been created on the Location artifacts/data_ingestion/ingested.
2025-01-03 11:07:08,290 - INFO -data_ingestion - Trainning data has been saved Sucessfully..
2025-01-03 11:07:08,298 - INFO -data_ingestion - Test data has been Saved Sucessfully.
2025-01-03 11:07:31,721 - INFO -data_ingestion - DataIngestion Config Fetch Sucessfully..
2025-01-03 11:07:31,722 - INFO -data_ingestion - Documemnts Extract Database Sucessfully...
2025-01-03 11:07:33,183 - INFO -data_ingestion - Dataframe Create Successfully....
2025-01-03 11:07:33,187 - INFO -common - New Directory has been created on the Location artifacts/data_ingestion/feature_store.
2025-01-03 11:07:33,226 - INFO -data_ingestion - Data Export to feature Store Sucessfully..
2025-01-03 11:07:33,227 - INFO -data_ingestion - Documemnts Extract Database Sucessfully...
2025-01-03 11:07:33,904 - INFO -data_ingestion - Dataframe Create Successfully....
2025-01-03 11:07:33,910 - INFO -data_ingestion - Data has been splitted into the train and test Sucessfully..
2025-01-03 11:07:33,910 - INFO -common - New Directory has been created on the Location artifacts/data_ingestion/ingested.
2025-01-03 11:07:33,944 - INFO -data_ingestion - Trainning data has been saved Sucessfully..
2025-01-03 11:07:33,953 - INFO -data_ingestion - Test data has been Saved Sucessfully.
2025-01-03 11:08:54,008 - INFO -data_ingestion - DataIngestion Config Fetch Sucessfully..
2025-01-03 11:08:54,009 - INFO -data_ingestion - Documemnts Extract Database Sucessfully...
2025-01-03 11:10:33,684 - INFO -data_ingestion - DataIngestion Config Fetch Sucessfully..
2025-01-03 11:10:33,685 - INFO -data_ingestion - Documemnts Extract Database Sucessfully...
2025-01-03 11:10:35,487 - INFO -data_ingestion - Dataframe Create Successfully....
2025-01-03 11:10:35,491 - INFO -common - New Directory has been created on the Location artifacts/data_ingestion/feature_store.
2025-01-03 11:10:35,526 - INFO -data_ingestion - Data Export to feature Store Sucessfully..
2025-01-03 11:10:35,526 - INFO -data_ingestion - Documemnts Extract Database Sucessfully...
2025-01-03 11:10:36,201 - INFO -data_ingestion - Dataframe Create Successfully....
2025-01-03 11:10:36,207 - INFO -data_ingestion - Data has been splitted into the train and test Sucessfully..
2025-01-03 11:10:36,207 - INFO -common - New Directory has been created on the Location artifacts/data_ingestion/ingested.
2025-01-03 11:10:36,234 - INFO -data_ingestion - Trainning data has been saved Sucessfully..
2025-01-03 11:10:36,241 - INFO -data_ingestion - Test data has been Saved Sucessfully.
2025-01-03 11:15:59,679 - INFO -data_ingestion - DataIngestion Config Fetch Sucessfully..
2025-01-03 11:15:59,679 - INFO -data_ingestion - Documemnts Extract Database Sucessfully...
2025-01-03 11:16:07,334 - INFO -data_ingestion - Dataframe Create Successfully....
2025-01-03 11:16:07,338 - INFO -common - New Directory has been created on the Location artifacts/data_ingestion/feature_store.
2025-01-03 11:16:07,375 - INFO -data_ingestion - Data Export to feature Store Sucessfully..
2025-01-03 11:16:07,376 - INFO -data_ingestion - Documemnts Extract Database Sucessfully...
2025-01-03 11:16:07,918 - INFO -data_ingestion - Dataframe Create Successfully....
2025-01-03 11:16:07,925 - INFO -data_ingestion - Data has been splitted into the train and test Sucessfully..
2025-01-03 11:16:07,925 - INFO -common - New Directory has been created on the Location artifacts/data_ingestion/ingested.
2025-01-03 11:16:07,952 - INFO -data_ingestion - Trainning data has been saved Sucessfully..
2025-01-03 11:16:07,959 - INFO -data_ingestion - Test data has been Saved Sucessfully.
2025-01-03 11:17:29,932 - INFO -data_ingestion - DataIngestion Config Fetch Sucessfully..
2025-01-03 11:17:29,932 - INFO -data_ingestion - Documemnts Extract Database Sucessfully...
2025-01-03 11:17:31,336 - INFO -data_ingestion - Dataframe Create Successfully....
2025-01-03 11:17:31,340 - INFO -common - New Directory has been created on the Location artifacts/data_ingestion/feature_store.
2025-01-03 11:17:31,376 - INFO -data_ingestion - Data Export to feature Store Sucessfully..
2025-01-03 11:17:31,376 - INFO -data_ingestion - Documemnts Extract Database Sucessfully...
2025-01-03 11:17:31,979 - INFO -data_ingestion - Dataframe Create Successfully....
2025-01-03 11:17:31,984 - INFO -data_ingestion - Data has been splitted into the train and test Sucessfully..
2025-01-03 11:17:31,984 - INFO -common - New Directory has been created on the Location artifacts/data_ingestion/ingested.
2025-01-03 11:17:32,012 - INFO -data_ingestion - Trainning data has been saved Sucessfully..
2025-01-03 11:17:32,018 - INFO -data_ingestion - Test data has been Saved Sucessfully.
2025-01-03 11:19:08,970 - INFO -data_ingestion - DataIngestion Config Fetch Sucessfully..
2025-01-03 11:19:08,970 - INFO -data_ingestion - Documemnts Extract Database Sucessfully...
2025-01-03 11:19:11,017 - INFO -data_ingestion - Dataframe Create Successfully....
2025-01-03 11:19:11,021 - INFO -common - New Directory has been created on the Location artifacts/data_ingestion/feature_store.
2025-01-03 11:19:11,056 - INFO -data_ingestion - Data Export to feature Store Sucessfully..
2025-01-03 11:19:11,056 - INFO -data_ingestion - Documemnts Extract Database Sucessfully...
2025-01-03 11:19:11,796 - INFO -data_ingestion - Dataframe Create Successfully....
2025-01-03 11:19:11,802 - INFO -data_ingestion - Data has been splitted into the train and test Sucessfully..
2025-01-03 11:19:11,802 - INFO -common - New Directory has been created on the Location artifacts/data_ingestion/ingested.
2025-01-03 11:19:11,830 - INFO -data_ingestion - Trainning data has been saved Sucessfully..
2025-01-03 11:19:11,838 - INFO -data_ingestion - Test data has been Saved Sucessfully.
2025-01-03 11:19:11,840 - INFO -common - Yaml file has been read Successfully. 
