2025-01-08 12:32:29,747 - INFO -common - Yaml file has been read Successfully. 
2025-01-08 12:32:52,630 - INFO -common - Yaml file has been read Successfully. 
2025-01-08 12:35:38,953 - INFO -common - Yaml file has been read Successfully. 
2025-01-09 06:47:55,816 - INFO -common - Yaml file has been read Successfully. 
2025-01-09 06:48:04,386 - INFO -common - Yaml file has been read Successfully. 
2025-01-09 06:51:01,102 - INFO -common - Yaml file has been read Successfully. 
2025-01-09 07:09:00,984 - INFO -common - Yaml file has been read Successfully. 
2025-01-09 07:15:33,334 - INFO -common - Yaml file has been read Successfully. 
2025-01-09 10:35:55,166 - INFO -common - Yaml file has been read Successfully. 
2025-01-09 10:35:55,477 - INFO -common - Yaml file has been read Successfully. 
2025-01-09 10:55:32,194 - INFO -common - Object has been save to artifacts/model_trainer/trained_model/model.pkl
2025-01-09 11:03:57,703 - INFO -common - Yaml file has been read Successfully. 
2025-01-09 11:10:44,428 - INFO -common - Yaml file has been read Successfully. 
2025-01-09 11:10:44,722 - INFO -common - Yaml file has been read Successfully. 
2025-01-09 11:10:53,092 - INFO -common - Object has been save to artifacts/model_trainer/trained_model/model.pkl
2025-01-09 11:10:53,235 - INFO -common - Object has been save to artifacts/data_transformation/transformed/transformed_object/preprocessor.pkl
2025-01-09 11:15:32,462 - INFO -common - Object has been save to artifacts/model_trainer/trained_model/model.pkl
2025-01-09 12:39:46,052 - INFO -common - Yaml file has been read Successfully. 
2025-01-09 12:39:46,248 - INFO -common - Yaml file has been read Successfully. 
2025-01-09 12:39:54,275 - INFO -common - Object has been save to artifacts/model_trainer/trained_model/model.pkl
2025-01-09 12:44:00,087 - INFO -common - Yaml file has been read Successfully. 
2025-01-09 12:44:45,041 - INFO -common - Yaml file has been read Successfully. 
2025-01-09 12:44:45,255 - INFO -common - Yaml file has been read Successfully. 
2025-01-09 12:44:52,141 - INFO -common - Object has been save to artifacts/model_trainer/trained_model/model.pkl
2025-01-09 12:46:33,869 - INFO -common - Yaml file has been read Successfully. 
2025-01-09 12:46:34,047 - INFO -common - Yaml file has been read Successfully. 
2025-01-09 12:46:41,090 - INFO -common - Object has been save to artifacts/model_trainer/trained_model/model.pkl
2025-01-09 12:48:55,874 - INFO -common - Yaml file has been read Successfully. 
2025-01-09 12:48:56,047 - INFO -common - Yaml file has been read Successfully. 
2025-01-09 12:49:02,952 - INFO -common - Object has been save to artifacts/model_trainer/trained_model/model.pkl
2025-01-09 13:15:56,451 - INFO -common - Object has been save to artifacts/data_transformation/transformed/transformed_object/preprocessor.pkl
2025-01-13 12:01:15,477 - INFO -common - Yaml file has been read Successfully. 
2025-01-13 12:01:15,675 - INFO -common - Yaml file has been read Successfully. 
2025-01-13 12:01:23,197 - INFO -common - Object has been save to artifacts/model_trainer/trained_model/model.pkl
2025-01-13 12:01:55,441 - INFO -common - Object has been save to artifacts/model_trainer/trained_model/model.pkl
2025-01-13 12:43:48,170 - INFO -common - Yaml file has been read Successfully. 
2025-01-13 12:45:22,316 - INFO -common - Yaml file has been read Successfully. 
2025-01-13 12:45:22,601 - INFO -common - Yaml file has been read Successfully. 
2025-01-13 12:45:30,879 - INFO -common - Object has been save to artifacts/model_trainer/trained_model/model.pkl
2025-01-13 12:45:30,991 - INFO -common - Object has been save to artifacts/data_transformation/transformed/transformed_object/preprocessor.pkl
2025-01-13 12:45:31,072 - INFO -common - Object has been save to artifacts/data_transformation/transformed/transformed_object/preprocessor.pkl
2025-01-13 12:46:52,123 - INFO -common - Object has been save to artifacts/model_trainer/trained_model/model.pkl
2025-01-13 12:50:03,034 - INFO -common - Yaml file has been read Successfully. 
2025-01-13 12:50:03,240 - INFO -common - Yaml file has been read Successfully. 
2025-01-13 12:50:10,430 - INFO -common - Object has been save to artifacts/model_trainer/trained_model/model.pkl
2025-01-13 12:50:10,532 - INFO -common - Object has been save to artifacts/data_transformation/transformed/transformed_object/preprocessor.pkl
2025-01-13 12:50:10,579 - INFO -common - Object has been save to artifacts/data_transformation/transformed/transformed_object/preprocessor.pkl
2025-01-13 12:50:10,647 - INFO -common - Object has been save to artifacts/model_trainer/trained_model/model.pkl
2025-01-13 12:52:16,682 - INFO -common - New Directory has been created on the Location artifacts/model_evaluation/train_metrics.
2025-01-13 12:52:55,973 - INFO -common - New Directory has been created on the Location artifacts/model_evaluation/train_metrics.
2025-01-13 12:56:13,501 - INFO -common - Yaml file has been read Successfully. 
2025-01-13 12:56:13,704 - INFO -common - Yaml file has been read Successfully. 
2025-01-13 12:56:20,781 - INFO -common - Object has been save to artifacts/model_trainer/trained_model/model.pkl
2025-01-13 12:56:20,882 - INFO -common - Object has been save to artifacts/data_transformation/transformed/transformed_object/preprocessor.pkl
2025-01-13 12:56:20,924 - INFO -common - Object has been save to artifacts/data_transformation/transformed/transformed_object/preprocessor.pkl
2025-01-13 12:56:20,982 - INFO -common - Object has been save to artifacts/model_trainer/trained_model/model.pkl
2025-01-13 12:56:21,082 - INFO -common - New Directory has been created on the Location artifacts/model_evaluation/train_metrics.
2025-01-13 12:56:21,084 - INFO -common - Json file has been saved on the location artifacts/model_evaluation/train_metrics/train_metric.json Successfully. 
2025-01-13 12:57:38,730 - INFO -common - Yaml file has been read Successfully. 
2025-01-13 12:57:38,952 - INFO -common - Yaml file has been read Successfully. 
2025-01-13 12:57:47,387 - INFO -common - Object has been save to artifacts/model_trainer/trained_model/model.pkl
2025-01-13 12:57:47,483 - INFO -common - Object has been save to artifacts/data_transformation/transformed/transformed_object/preprocessor.pkl
2025-01-13 12:57:47,533 - INFO -common - Object has been save to artifacts/data_transformation/transformed/transformed_object/preprocessor.pkl
2025-01-13 12:57:47,601 - INFO -common - Object has been save to artifacts/model_trainer/trained_model/model.pkl
2025-01-13 12:57:47,701 - INFO -common - New Directory has been created on the Location artifacts/model_evaluation/train_metrics.
2025-01-13 12:57:47,703 - INFO -common - Json file has been saved on the location artifacts/model_evaluation/train_metrics/train_metric.json Successfully. 
2025-01-13 16:24:47,693 - INFO -common - Yaml file has been read Successfully. 
2025-01-13 16:24:47,948 - INFO -common - Yaml file has been read Successfully. 
2025-01-13 16:24:55,317 - INFO -common - Object has been save to artifacts/model_trainer/trained_model/model.pkl
2025-01-13 16:24:55,412 - INFO -common - Object has been save to artifacts/data_transformation/transformed/transformed_object/preprocessor.pkl
2025-01-13 16:24:55,492 - INFO -common - Object has been save to artifacts/data_transformation/transformed/transformed_object/preprocessor.pkl
2025-01-13 16:24:55,522 - INFO -common - Object has been save to artifacts/model_trainer/trained_model/model.pkl
2025-01-13 16:24:55,629 - INFO -common - New Directory has been created on the Location artifacts/model_evaluation/train_metrics.
2025-01-13 16:24:55,630 - INFO -common - Json file has been saved on the location artifacts/model_evaluation/train_metrics/train_metric.json Successfully. 
2025-01-14 07:05:11,385 - INFO -common - Yaml file has been read Successfully. 
2025-01-14 07:05:11,620 - INFO -common - Yaml file has been read Successfully. 
2025-01-14 07:05:19,128 - INFO -common - Object has been save to artifacts/model_trainer/trained_model/model.pkl
2025-01-14 07:05:19,216 - INFO -common - Object has been save to artifacts/data_transformation/transformed/transformed_object/preprocessor.pkl
2025-01-14 07:05:19,265 - INFO -common - Object has been save to artifacts/data_transformation/transformed/transformed_object/preprocessor.pkl
2025-01-14 07:05:19,328 - INFO -common - Object has been save to artifacts/model_trainer/trained_model/model.pkl
2025-01-14 07:05:19,426 - INFO -common - New Directory has been created on the Location artifacts/model_evaluation/train_metrics.
2025-01-14 07:05:19,427 - INFO -common - Json file has been saved on the location artifacts/model_evaluation/train_metrics/train_metric.json Successfully. 
2025-01-14 11:44:53,543 - INFO -common - Yaml file has been read Successfully. 
2025-01-14 11:44:53,750 - INFO -common - Yaml file has been read Successfully. 
2025-01-14 11:45:01,134 - INFO -common - Object has been save to artifacts/model_trainer/trained_model/model.pkl
2025-01-14 11:45:01,223 - INFO -common - Object has been save to artifacts/data_transformation/transformed/transformed_object/preprocessor.pkl
2025-01-14 11:45:01,286 - INFO -common - Object has been save to artifacts/data_transformation/transformed/transformed_object/preprocessor.pkl
2025-01-14 11:45:01,319 - INFO -common - Object has been save to artifacts/model_trainer/trained_model/model.pkl
2025-01-14 11:45:01,414 - INFO -common - New Directory has been created on the Location artifacts/model_evaluation/train_metrics.
2025-01-14 11:45:01,415 - INFO -common - Json file has been saved on the location artifacts/model_evaluation/train_metrics/train_metric.json Successfully. 
2025-01-14 12:24:47,160 - INFO -common - Object has been save to final_artifacts/preprocessor.pkl
2025-01-14 12:24:47,185 - INFO -common - Object has been save to final_artifacts/model.pkl
